app/build/intermediates/manifest_merge_blame_file/debug/processDebugMainManifest/manifest-merger-blame-debug-report.txt
1<?xml version="1.0" encoding="utf-8"?>
2<manifest xmlns:android="http://schemas.android.com/apk/res/android"
3    package="com.example.luminae"
4    android:versionCode="1"
5    android:versionName="1.0" >
6
7    <uses-sdk
8        android:minSdkVersion="24"
9        android:targetSdkVersion="36" />
10
11    <uses-permission android:name="android.permission.INTERNET" />
11-->src\main\AndroidManifest.xml:4:5-67
11-->src\main\AndroidManifest.xml:4:22-64
12    <uses-permission android:name="android.permission.POST_NOTIFICATIONS" />
12-->src\main\AndroidManifest.xml:5:5-77
12-->src\main\AndroidManifest.xml:5:22-74
13    <uses-permission android:name="android.permission.VIBRATE" />
13-->src\main\AndroidManifest.xml:6:5-66
13-->src\main\AndroidManifest.xml:6:22-63
14    <uses-permission android:name="android.permission.ACCESS_NETWORK_STATE" />
14-->[com.google.firebase:firebase-auth:22.3.0] AndroidManifest.xml:26:5-79
14-->[com.google.firebase:firebase-auth:22.3.0] AndroidManifest.xml:26:22-76
15    <uses-permission android:name="android.permission.WAKE_LOCK" /> <!-- Required by older versions of Google Play services to create IID tokens -->
15-->[com.google.firebase:firebase-messaging:23.4.0] AndroidManifest.xml:24:5-68
15-->[com.google.firebase:firebase-messaging:23.4.0] AndroidManifest.xml:24:22-65
16    <uses-permission android:name="com.google.android.c2dm.permission.RECEIVE" />
16-->[com.google.firebase:firebase-messaging:23.4.0] AndroidManifest.xml:26:5-82
16-->[com.google.firebase:firebase-messaging:23.4.0] AndroidManifest.xml:26:22-79
17
18    <permission
18-->[androidx.core:core:1.16.0] AndroidManifest.xml:22:5-24:47
19        android:name="com.example.luminae.DYNAMIC_RECEIVER_NOT_EXPORTED_PERMISSION"
19-->[androidx.core:core:1.16.0] AndroidManifest.xml:23:9-81
20        android:protectionLevel="signature" />
20-->[androidx.core:core:1.16.0] AndroidManifest.xml:24:9-44
21
22    <uses-permission android:name="com.example.luminae.DYNAMIC_RECEIVER_NOT_EXPORTED_PERMISSION" />
22-->[androidx.core:core:1.16.0] AndroidManifest.xml:26:5-97
22-->[androidx.core:core:1.16.0] AndroidManifest.xml:26:22-94
23
24    <application
24-->src\main\AndroidManifest.xml:8:5-120:19
25        android:allowBackup="true"
25-->src\main\AndroidManifest.xml:9:9-35
26        android:appComponentFactory="androidx.core.app.CoreComponentFactory"
26-->[androidx.core:core:1.16.0] AndroidManifest.xml:28:18-86
27        android:debuggable="true"
28        android:extractNativeLibs="false"
29        android:icon="@drawable/logo"
29-->src\main\AndroidManifest.xml:11:9-38
30        android:label="LUMINA"
30-->src\main\AndroidManifest.xml:10:9-31
31        android:roundIcon="@drawable/logo"
31-->src\main\AndroidManifest.xml:12:9-43
32        android:theme="@style/Theme.Luminae"
32-->src\main\AndroidManifest.xml:13:9-45
33        android:usesCleartextTraffic="true" >
33-->src\main\AndroidManifest.xml:14:9-44
34        <activity
34-->src\main\AndroidManifest.xml:15:9-23:20
35            android:name="com.example.luminae.activities.SplashActivity"
35-->src\main\AndroidManifest.xml:16:13-54
36            android:exported="true" >
36-->src\main\AndroidManifest.xml:17:13-36
37            <intent-filter>
37-->src\main\AndroidManifest.xml:18:13-22:29
38                <action android:name="android.intent.action.MAIN" />
38-->src\main\AndroidManifest.xml:19:17-69
38-->src\main\AndroidManifest.xml:19:25-66
39
40                <category android:name="android.intent.category.LAUNCHER" />
40-->src\main\AndroidManifest.xml:21:17-77
40-->src\main\AndroidManifest.xml:21:27-74
41            </intent-filter>
42        </activity>
43        <activity
43-->src\main\AndroidManifest.xml:24:9-26:40
44            android:name="com.example.luminae.activities.LoginActivity"
44-->src\main\AndroidManifest.xml:25:13-53
45            android:exported="false" />
45-->src\main\AndroidManifest.xml:26:13-37
46        <activity
46-->src\main\AndroidManifest.xml:27:9-29:40
47            android:name="com.example.luminae.activities.ForgotPasswordActivity"
47-->src\main\AndroidManifest.xml:28:13-62
48            android:exported="false" />
48-->src\main\AndroidManifest.xml:29:13-37
49        <activity
49-->src\main\AndroidManifest.xml:30:9-32:40
50            android:name="com.example.luminae.activities.RegisterActivity"
50-->src\main\AndroidManifest.xml:31:13-56
51            android:exported="false" />
51-->src\main\AndroidManifest.xml:32:13-37
52        <activity
52-->src\main\AndroidManifest.xml:33:9-35:40
53            android:name="com.example.luminae.activities.AdminActivity"
53-->src\main\AndroidManifest.xml:34:13-53
54            android:exported="false" />
54-->src\main\AndroidManifest.xml:35:13-37
55        <activity
55-->src\main\AndroidManifest.xml:36:9-38:40
56            android:name="com.example.luminae.activities.CampusManagementActivity"
56-->src\main\AndroidManifest.xml:37:13-64
57            android:exported="false" />
57-->src\main\AndroidManifest.xml:38:13-37
58        <activity
58-->src\main\AndroidManifest.xml:39:9-41:36
59            android:name="com.example.luminae.activities.CollegeManagementActivity"
59-->src\main\AndroidManifest.xml:40:9-61
60            android:exported="false" />
60-->src\main\AndroidManifest.xml:41:9-33
61        <activity
61-->src\main\AndroidManifest.xml:42:9-44:40
62            android:name="com.example.luminae.activities.CourseManagementActivity"
62-->src\main\AndroidManifest.xml:43:13-64
63            android:exported="false" />
63-->src\main\AndroidManifest.xml:44:13-37
64        <activity
64-->src\main\AndroidManifest.xml:45:9-47:40
65            android:name="com.example.luminae.activities.CampusFormActivity"
65-->src\main\AndroidManifest.xml:46:13-58
66            android:exported="false" />
66-->src\main\AndroidManifest.xml:47:13-37
67        <activity
67-->src\main\AndroidManifest.xml:48:9-50:40
68            android:name="com.example.luminae.activities.CollegeFormActivity"
68-->src\main\AndroidManifest.xml:49:13-59
69            android:exported="false" />
69-->src\main\AndroidManifest.xml:50:13-37
70        <activity
70-->src\main\AndroidManifest.xml:51:9-53:40
71            android:name="com.example.luminae.activities.CourseFormActivity"
71-->src\main\AndroidManifest.xml:52:13-58
72            android:exported="false" />
72-->src\main\AndroidManifest.xml:53:13-37
73        <activity
73-->src\main\AndroidManifest.xml:54:9-56:40
74            android:name="com.example.luminae.activities.EventParticipantsActivity"
74-->src\main\AndroidManifest.xml:55:13-65
75            android:exported="false" />
75-->src\main\AndroidManifest.xml:56:13-37
76        <activity
76-->src\main\AndroidManifest.xml:57:9-59:40
77            android:name="com.example.luminae.activities.StaffFormActivity"
77-->src\main\AndroidManifest.xml:58:13-57
78            android:exported="false" />
78-->src\main\AndroidManifest.xml:59:13-37
79        <activity
79-->src\main\AndroidManifest.xml:60:9-62:40
80            android:name="com.example.luminae.activities.StaffManagementActivity"
80-->src\main\AndroidManifest.xml:61:13-63
81            android:exported="false" />
81-->src\main\AndroidManifest.xml:62:13-37
82        <activity
82-->src\main\AndroidManifest.xml:63:9-65:40
83            android:name="com.example.luminae.activities.StudentManagementActivity"
83-->src\main\AndroidManifest.xml:64:13-65
84            android:exported="false" />
84-->src\main\AndroidManifest.xml:65:13-37
85        <activity
85-->src\main\AndroidManifest.xml:66:9-68:40
86            android:name="com.example.luminae.activities.ActivityLogActivity"
86-->src\main\AndroidManifest.xml:67:13-59
87            android:exported="false" />
87-->src\main\AndroidManifest.xml:68:13-37
88        <activity
88-->src\main\AndroidManifest.xml:69:9-71:40
89            android:name="com.example.luminae.activities.StudentActivity"
89-->src\main\AndroidManifest.xml:70:13-55
90            android:exported="false" />
90-->src\main\AndroidManifest.xml:71:13-37
91        <activity
91-->src\main\AndroidManifest.xml:72:9-74:40
92            android:name="com.example.luminae.activities.StaffActivity"
92-->src\main\AndroidManifest.xml:73:13-53
93            android:exported="false" />
93-->src\main\AndroidManifest.xml:74:13-37
94        <activity
94-->src\main\AndroidManifest.xml:75:9-78:40
95            android:name="com.example.luminae.activities.PostDetailActivity"
95-->src\main\AndroidManifest.xml:76:13-58
96            android:exported="false"
96-->src\main\AndroidManifest.xml:78:13-37
97            android:windowSoftInputMode="adjustResize" />
97-->src\main\AndroidManifest.xml:77:13-55
98        <activity
98-->src\main\AndroidManifest.xml:79:9-81:40
99            android:name="com.example.luminae.activities.UserProfileActivity"
99-->src\main\AndroidManifest.xml:80:13-59
100            android:exported="false" />
100-->src\main\AndroidManifest.xml:81:13-37
101        <activity
101-->src\main\AndroidManifest.xml:82:9-84:40
102            android:name="com.example.luminae.activities.StudentFormActivity"
102-->src\main\AndroidManifest.xml:83:13-59
103            android:exported="false" />
103-->src\main\AndroidManifest.xml:84:13-37
104        <activity
104-->src\main\AndroidManifest.xml:85:9-87:40
105            android:name="com.example.luminae.activities.AnnouncementFormActivity"
105-->src\main\AndroidManifest.xml:86:13-64
106            android:exported="false" />
106-->src\main\AndroidManifest.xml:87:13-37
107        <activity
107-->src\main\AndroidManifest.xml:88:9-90:40
108            android:name="com.example.luminae.activities.EventFormActivity"
108-->src\main\AndroidManifest.xml:89:13-57
109            android:exported="false" />
109-->src\main\AndroidManifest.xml:90:13-37
110        <activity
110-->src\main\AndroidManifest.xml:91:9-93:40
111            android:name="com.example.luminae.activities.ConfigurationsActivity"
111-->src\main\AndroidManifest.xml:92:13-62
112            android:exported="false" />
112-->src\main\AndroidManifest.xml:93:13-37
113
114        <service
114-->src\main\AndroidManifest.xml:95:9-101:19
115            android:name="com.example.luminae.notifications.LuminaFirebaseMessagingService"
115-->src\main\AndroidManifest.xml:96:13-73
116            android:exported="false" >
116-->src\main\AndroidManifest.xml:97:13-37
117            <intent-filter>
117-->src\main\AndroidManifest.xml:98:13-100:29
118                <action android:name="com.google.firebase.MESSAGING_EVENT" />
118-->src\main\AndroidManifest.xml:99:17-78
118-->src\main\AndroidManifest.xml:99:25-75
119            </intent-filter>
120        </service>
121
122        <meta-data
122-->src\main\AndroidManifest.xml:103:9-105:43
123            android:name="com.google.firebase.messaging.default_notification_channel_id"
123-->src\main\AndroidManifest.xml:104:13-89
124            android:value="lumina_push" />
124-->src\main\AndroidManifest.xml:105:13-40
125
126        <provider
127            android:name="androidx.core.content.FileProvider"
127-->src\main\AndroidManifest.xml:108:13-62
128            android:authorities="com.example.luminae.provider"
128-->src\main\AndroidManifest.xml:109:13-60
129            android:exported="false"
129-->src\main\AndroidManifest.xml:110:13-37
130            android:grantUriPermissions="true" >
130-->src\main\AndroidManifest.xml:111:13-47
131            <meta-data
131-->src\main\AndroidManifest.xml:112:13-114:54
132                android:name="android.support.FILE_PROVIDER_PATHS"
132-->src\main\AndroidManifest.xml:113:17-67
133                android:resource="@xml/file_paths" />
133-->src\main\AndroidManifest.xml:114:17-51
134        </provider>
135
136        <meta-data
136-->src\main\AndroidManifest.xml:117:9-119:57
137            android:name="preloaded_fonts"
137-->src\main\AndroidManifest.xml:118:13-43
138            android:resource="@array/preloaded_fonts" />
138-->src\main\AndroidManifest.xml:119:13-54
139
140        <activity
140-->[com.google.firebase:firebase-auth:22.3.0] AndroidManifest.xml:29:9-46:20
141            android:name="com.google.firebase.auth.internal.GenericIdpActivity"
141-->[com.google.firebase:firebase-auth:22.3.0] AndroidManifest.xml:30:13-80
142            android:excludeFromRecents="true"
142-->[com.google.firebase:firebase-auth:22.3.0] AndroidManifest.xml:31:13-46
143            android:exported="true"
143-->[com.google.firebase:firebase-auth:22.3.0] AndroidManifest.xml:32:13-36
144            android:launchMode="singleTask"
144-->[com.google.firebase:firebase-auth:22.3.0] AndroidManifest.xml:33:13-44
145            android:theme="@android:style/Theme.Translucent.NoTitleBar" >
145-->[com.google.firebase:firebase-auth:22.3.0] AndroidManifest.xml:34:13-72
146            <intent-filter>
146-->[com.google.firebase:firebase-auth:22.3.0] AndroidManifest.xml:35:13-45:29
147                <action android:name="android.intent.action.VIEW" />
147-->[com.google.firebase:firebase-auth:22.3.0] AndroidManifest.xml:36:17-69
147-->[com.google.firebase:firebase-auth:22.3.0] AndroidManifest.xml:36:25-66
148
149                <category android:name="android.intent.category.DEFAULT" />
149-->[com.google.firebase:firebase-auth:22.3.0] AndroidManifest.xml:38:17-76
149-->[com.google.firebase:firebase-auth:22.3.0] AndroidManifest.xml:38:27-73
150                <category android:name="android.intent.category.BROWSABLE" />
150-->[com.google.firebase:firebase-auth:22.3.0] AndroidManifest.xml:39:17-78
150-->[com.google.firebase:firebase-auth:22.3.0] AndroidManifest.xml:39:27-75
151
152                <data
152-->[com.google.firebase:firebase-auth:22.3.0] AndroidManifest.xml:41:17-44:51
153                    android:host="firebase.auth"
153-->[com.google.firebase:firebase-auth:22.3.0] AndroidManifest.xml:42:21-49
154                    android:path="/"
154-->[com.google.firebase:firebase-auth:22.3.0] AndroidManifest.xml:43:21-37
155                    android:scheme="genericidp" />
155-->[com.google.firebase:firebase-auth:22.3.0] AndroidManifest.xml:44:21-48
156            </intent-filter>
157        </activity>
158        <activity
158-->[com.google.firebase:firebase-auth:22.3.0] AndroidManifest.xml:47:9-64:20
159            android:name="com.google.firebase.auth.internal.RecaptchaActivity"
159-->[com.google.firebase:firebase-auth:22.3.0] AndroidManifest.xml:48:13-79
160            android:excludeFromRecents="true"
160-->[com.google.firebase:firebase-auth:22.3.0] AndroidManifest.xml:49:13-46
161            android:exported="true"
161-->[com.google.firebase:firebase-auth:22.3.0] AndroidManifest.xml:50:13-36
162            android:launchMode="singleTask"
162-->[com.google.firebase:firebase-auth:22.3.0] AndroidManifest.xml:51:13-44
163            android:theme="@android:style/Theme.Translucent.NoTitleBar" >
163-->[com.google.firebase:firebase-auth:22.3.0] AndroidManifest.xml:52:13-72
164            <intent-filter>
164-->[com.google.firebase:firebase-auth:22.3.0] AndroidManifest.xml:53:13-63:29
165                <action android:name="android.intent.action.VIEW" />
165-->[com.google.firebase:firebase-auth:22.3.0] AndroidManifest.xml:36:17-69
165-->[com.google.firebase:firebase-auth:22.3.0] AndroidManifest.xml:36:25-66
166
167                <category android:name="android.intent.category.DEFAULT" />
167-->[com.google.firebase:firebase-auth:22.3.0] AndroidManifest.xml:38:17-76
167-->[com.google.firebase:firebase-auth:22.3.0] AndroidManifest.xml:38:27-73
168                <category android:name="android.intent.category.BROWSABLE" />
168-->[com.google.firebase:firebase-auth:22.3.0] AndroidManifest.xml:39:17-78
168-->[com.google.firebase:firebase-auth:22.3.0] AndroidManifest.xml:39:27-75
169
170                <data
170-->[com.google.firebase:firebase-auth:22.3.0] AndroidManifest.xml:41:17-44:51
171                    android:host="firebase.auth"
171-->[com.google.firebase:firebase-auth:22.3.0] AndroidManifest.xml:42:21-49
172                    android:path="/"
172-->[com.google.firebase:firebase-auth:22.3.0] AndroidManifest.xml:43:21-37
173                    android:scheme="recaptcha" />
173-->[com.google.firebase:firebase-auth:22.3.0] AndroidManifest.xml:44:21-48
174            </intent-filter>
175        </activity>
176
177        <service
177-->[com.google.firebase:firebase-auth:22.3.0] AndroidManifest.xml:66:9-72:19
178            android:name="com.google.firebase.components.ComponentDiscoveryService"
178-->[com.google.firebase:firebase-auth:22.3.0] AndroidManifest.xml:67:13-84
179            android:directBootAware="true"
179-->[com.google.firebase:firebase-common:20.4.2] AndroidManifest.xml:32:13-43
180            android:exported="false" >
180-->[com.google.firebase:firebase-auth:22.3.0] AndroidManifest.xml:68:13-37
181            <meta-data
181-->[com.google.firebase:firebase-auth:22.3.0] AndroidManifest.xml:69:13-71:85
182                android:name="com.google.firebase.components:com.google.firebase.auth.FirebaseAuthRegistrar"
182-->[com.google.firebase:firebase-auth:22.3.0] AndroidManifest.xml:70:17-109
183                android:value="com.google.firebase.components.ComponentRegistrar" />
183-->[com.google.firebase:firebase-auth:22.3.0] AndroidManifest.xml:71:17-82
184            <meta-data
184-->[com.google.firebase:firebase-firestore:24.10.0] AndroidManifest.xml:17:13-19:85
185                android:name="com.google.firebase.components:com.google.firebase.firestore.FirebaseFirestoreKtxRegistrar"
185-->[com.google.firebase:firebase-firestore:24.10.0] AndroidManifest.xml:18:17-122
186                android:value="com.google.firebase.components.ComponentRegistrar" />
186-->[com.google.firebase:firebase-firestore:24.10.0] AndroidManifest.xml:19:17-82
187            <meta-data
187-->[com.google.firebase:firebase-firestore:24.10.0] AndroidManifest.xml:20:13-22:85
188                android:name="com.google.firebase.components:com.google.firebase.firestore.FirestoreRegistrar"
188-->[com.google.firebase:firebase-firestore:24.10.0] AndroidManifest.xml:21:17-111
189                android:value="com.google.firebase.components.ComponentRegistrar" />
189-->[com.google.firebase:firebase-firestore:24.10.0] AndroidManifest.xml:22:17-82
190            <meta-data
190-->[com.google.firebase:firebase-messaging:23.4.0] AndroidManifest.xml:57:13-59:85
191                android:name="com.google.firebase.components:com.google.firebase.messaging.FirebaseMessagingKtxRegistrar"
191-->[com.google.firebase:firebase-messaging:23.4.0] AndroidManifest.xml:58:17-122
192                android:value="com.google.firebase.components.ComponentRegistrar" />
192-->[com.google.firebase:firebase-messaging:23.4.0] AndroidManifest.xml:59:17-82
193            <meta-data
193-->[com.google.firebase:firebase-messaging:23.4.0] AndroidManifest.xml:60:13-62:85
194                android:name="com.google.firebase.components:com.google.firebase.messaging.FirebaseMessagingRegistrar"
194-->[com.google.firebase:firebase-messaging:23.4.0] AndroidManifest.xml:61:17-119
195                android:value="com.google.firebase.components.ComponentRegistrar" />
195-->[com.google.firebase:firebase-messaging:23.4.0] AndroidManifest.xml:62:17-82
196            <meta-data
196-->[com.google.firebase:firebase-installations:17.2.0] AndroidManifest.xml:15:13-17:85
197                android:name="com.google.firebase.components:com.google.firebase.installations.FirebaseInstallationsKtxRegistrar"
197-->[com.google.firebase:firebase-installations:17.2.0] AndroidManifest.xml:16:17-130
198                android:value="com.google.firebase.components.ComponentRegistrar" />
198-->[com.google.firebase:firebase-installations:17.2.0] AndroidManifest.xml:17:17-82
199            <meta-data
199-->[com.google.firebase:firebase-installations:17.2.0] AndroidManifest.xml:18:13-20:85
200                android:name="com.google.firebase.components:com.google.firebase.installations.FirebaseInstallationsRegistrar"
200-->[com.google.firebase:firebase-installations:17.2.0] AndroidManifest.xml:19:17-127
201                android:value="com.google.firebase.components.ComponentRegistrar" />
201-->[com.google.firebase:firebase-installations:17.2.0] AndroidManifest.xml:20:17-82
202            <meta-data
202-->[com.google.firebase:firebase-common-ktx:20.4.2] AndroidManifest.xml:12:13-14:85
203                android:name="com.google.firebase.components:com.google.firebase.ktx.FirebaseCommonLegacyRegistrar"
203-->[com.google.firebase:firebase-common-ktx:20.4.2] AndroidManifest.xml:13:17-116
204                android:value="com.google.firebase.components.ComponentRegistrar" />
204-->[com.google.firebase:firebase-common-ktx:20.4.2] AndroidManifest.xml:14:17-82
205            <meta-data
205-->[com.google.firebase:firebase-common:20.4.2] AndroidManifest.xml:35:13-37:85
206                android:name="com.google.firebase.components:com.google.firebase.FirebaseCommonKtxRegistrar"
206-->[com.google.firebase:firebase-common:20.4.2] AndroidManifest.xml:36:17-109
207                android:value="com.google.firebase.components.ComponentRegistrar" />
207-->[com.google.firebase:firebase-common:20.4.2] AndroidManifest.xml:37:17-82
208            <meta-data
208-->[com.google.firebase:firebase-datatransport:18.1.7] AndroidManifest.xml:27:13-29:85
209                android:name="com.google.firebase.components:com.google.firebase.datatransport.TransportRegistrar"
209-->[com.google.firebase:firebase-datatransport:18.1.7] AndroidManifest.xml:28:17-115
210                android:value="com.google.firebase.components.ComponentRegistrar" />
210-->[com.google.firebase:firebase-datatransport:18.1.7] AndroidManifest.xml:29:17-82
211        </service>
212
213        <receiver
213-->[com.google.firebase:firebase-messaging:23.4.0] AndroidManifest.xml:29:9-40:20
214            android:name="com.google.firebase.iid.FirebaseInstanceIdReceiver"
214-->[com.google.firebase:firebase-messaging:23.4.0] AndroidManifest.xml:30:13-78
215            android:exported="true"
215-->[com.google.firebase:firebase-messaging:23.4.0] AndroidManifest.xml:31:13-36
216            android:permission="com.google.android.c2dm.permission.SEND" >
216-->[com.google.firebase:firebase-messaging:23.4.0] AndroidManifest.xml:32:13-73
217            <intent-filter>
217-->[com.google.firebase:firebase-messaging:23.4.0] AndroidManifest.xml:33:13-35:29
218                <action android:name="com.google.android.c2dm.intent.RECEIVE" />
218-->[com.google.firebase:firebase-messaging:23.4.0] AndroidManifest.xml:34:17-81
218-->[com.google.firebase:firebase-messaging:23.4.0] AndroidManifest.xml:34:25-78
219            </intent-filter>
220
221            <meta-data
221-->[com.google.firebase:firebase-messaging:23.4.0] AndroidManifest.xml:37:13-39:40
222                android:name="com.google.android.gms.cloudmessaging.FINISHED_AFTER_HANDLED"
222-->[com.google.firebase:firebase-messaging:23.4.0] AndroidManifest.xml:38:17-92
223                android:value="true" />
223-->[com.google.firebase:firebase-messaging:23.4.0] AndroidManifest.xml:39:17-37
224        </receiver>
225        <!--
226             FirebaseMessagingService performs security checks at runtime,
227             but set to not exported to explicitly avoid allowing another app to call it.
228        -->
229        <service
229-->[com.google.firebase:firebase-messaging:23.4.0] AndroidManifest.xml:46:9-53:19
230            android:name="com.google.firebase.messaging.FirebaseMessagingService"
230-->[com.google.firebase:firebase-messaging:23.4.0] AndroidManifest.xml:47:13-82
231            android:directBootAware="true"
231-->[com.google.firebase:firebase-messaging:23.4.0] AndroidManifest.xml:48:13-43
232            android:exported="false" >
232-->[com.google.firebase:firebase-messaging:23.4.0] AndroidManifest.xml:49:13-37
233            <intent-filter android:priority="-500" >
233-->src\main\AndroidManifest.xml:98:13-100:29
234                <action android:name="com.google.firebase.MESSAGING_EVENT" />
234-->src\main\AndroidManifest.xml:99:17-78
234-->src\main\AndroidManifest.xml:99:25-75
235            </intent-filter>
236        </service>
237
238        <provider
238-->[com.google.firebase:firebase-common:20.4.2] AndroidManifest.xml:23:9-28:39
239            android:name="com.google.firebase.provider.FirebaseInitProvider"
239-->[com.google.firebase:firebase-common:20.4.2] AndroidManifest.xml:24:13-77
240            android:authorities="com.example.luminae.firebaseinitprovider"
240-->[com.google.firebase:firebase-common:20.4.2] AndroidManifest.xml:25:13-72
241            android:directBootAware="true"
241-->[com.google.firebase:firebase-common:20.4.2] AndroidManifest.xml:26:13-43
242            android:exported="false"
242-->[com.google.firebase:firebase-common:20.4.2] AndroidManifest.xml:27:13-37
243            android:initOrder="100" />
243-->[com.google.firebase:firebase-common:20.4.2] AndroidManifest.xml:28:13-36
244
245        <activity
245-->[com.google.android.gms:play-services-base:18.0.1] AndroidManifest.xml:20:9-22:45
246            android:name="com.google.android.gms.common.api.GoogleApiActivity"
246-->[com.google.android.gms:play-services-base:18.0.1] AndroidManifest.xml:20:19-85
247            android:exported="false"
247-->[com.google.android.gms:play-services-base:18.0.1] AndroidManifest.xml:22:19-43
248            android:theme="@android:style/Theme.Translucent.NoTitleBar" />
248-->[com.google.android.gms:play-services-base:18.0.1] AndroidManifest.xml:21:19-78
249
250        <provider
250-->[androidx.emoji2:emoji2:1.2.0] AndroidManifest.xml:24:9-32:20
251            android:name="androidx.startup.InitializationProvider"
251-->[androidx.emoji2:emoji2:1.2.0] AndroidManifest.xml:25:13-67
252            android:authorities="com.example.luminae.androidx-startup"
252-->[androidx.emoji2:emoji2:1.2.0] AndroidManifest.xml:26:13-68
253            android:exported="false" >
253-->[androidx.emoji2:emoji2:1.2.0] AndroidManifest.xml:27:13-37
254            <meta-data
254-->[androidx.emoji2:emoji2:1.2.0] AndroidManifest.xml:29:13-31:52
255                android:name="androidx.emoji2.text.EmojiCompatInitializer"
255-->[androidx.emoji2:emoji2:1.2.0] AndroidManifest.xml:30:17-75
256                android:value="androidx.startup" />
256-->[androidx.emoji2:emoji2:1.2.0] AndroidManifest.xml:31:17-49
257            <meta-data
257-->[androidx.lifecycle:lifecycle-process:2.6.2] AndroidManifest.xml:29:13-31:52
258                android:name="androidx.lifecycle.ProcessLifecycleInitializer"
258-->[androidx.lifecycle:lifecycle-process:2.6.2] AndroidManifest.xml:30:17-78
259                android:value="androidx.startup" />
259-->[androidx.lifecycle:lifecycle-process:2.6.2] AndroidManifest.xml:31:17-49
260            <meta-data
260-->[androidx.profileinstaller:profileinstaller:1.4.0] AndroidManifest.xml:29:13-31:52
261                android:name="androidx.profileinstaller.ProfileInstallerInitializer"
261-->[androidx.profileinstaller:profileinstaller:1.4.0] AndroidManifest.xml:30:17-85
262                android:value="androidx.startup" />
262-->[androidx.profileinstaller:profileinstaller:1.4.0] AndroidManifest.xml:31:17-49
263        </provider>
264
265        <meta-data
265-->[com.google.android.gms:play-services-basement:18.1.0] AndroidManifest.xml:21:9-23:69
266            android:name="com.google.android.gms.version"
266-->[com.google.android.gms:play-services-basement:18.1.0] AndroidManifest.xml:22:13-58
267            android:value="@integer/google_play_services_version" />
267-->[com.google.android.gms:play-services-basement:18.1.0] AndroidManifest.xml:23:13-66
268
269        <service
269-->[com.google.android.datatransport:transport-backend-cct:3.1.8] AndroidManifest.xml:28:9-34:19
270            android:name="com.google.android.datatransport.runtime.backends.TransportBackendDiscovery"
270-->[com.google.android.datatransport:transport-backend-cct:3.1.8] AndroidManifest.xml:29:13-103
271            android:exported="false" >
271-->[com.google.android.datatransport:transport-backend-cct:3.1.8] AndroidManifest.xml:30:13-37
272            <meta-data
272-->[com.google.android.datatransport:transport-backend-cct:3.1.8] AndroidManifest.xml:31:13-33:39
273                android:name="backend:com.google.android.datatransport.cct.CctBackendFactory"
273-->[com.google.android.datatransport:transport-backend-cct:3.1.8] AndroidManifest.xml:32:17-94
274                android:value="cct" />
274-->[com.google.android.datatransport:transport-backend-cct:3.1.8] AndroidManifest.xml:33:17-36
275        </service>
276        <service
276-->[com.google.android.datatransport:transport-runtime:3.1.8] AndroidManifest.xml:26:9-30:19
277            android:name="com.google.android.datatransport.runtime.scheduling.jobscheduling.JobInfoSchedulerService"
277-->[com.google.android.datatransport:transport-runtime:3.1.8] AndroidManifest.xml:27:13-117
278            android:exported="false"
278-->[com.google.android.datatransport:transport-runtime:3.1.8] AndroidManifest.xml:28:13-37
279            android:permission="android.permission.BIND_JOB_SERVICE" >
279-->[com.google.android.datatransport:transport-runtime:3.1.8] AndroidManifest.xml:29:13-69
280        </service>
281
282        <receiver
282-->[com.google.android.datatransport:transport-runtime:3.1.8] AndroidManifest.xml:32:9-34:40
283            android:name="com.google.android.datatransport.runtime.scheduling.jobscheduling.AlarmManagerSchedulerBroadcastReceiver"
283-->[com.google.android.datatransport:transport-runtime:3.1.8] AndroidManifest.xml:33:13-132
284            android:exported="false" />
284-->[com.google.android.datatransport:transport-runtime:3.1.8] AndroidManifest.xml:34:13-37
285        <receiver
285-->[androidx.profileinstaller:profileinstaller:1.4.0] AndroidManifest.xml:34:9-52:20
286            android:name="androidx.profileinstaller.ProfileInstallReceiver"